<?xml version="1.0" encoding="UTF-8"?>
<!-- Generated by org.testng.reporters.JUnitXMLReporter -->
<testsuite hostname="sml-pc-017" name="KaraokeSmokeTest" tests="1" failures="1" timestamp="6 Feb 2015 09:34:48 GMT" time="13.355" errors="0">
  <testcase name="createBCwithFillForm" time="4.901" classname="com.sl.test.TestBroadcastChannel">
    <failure type="java.lang.AssertionError">
      <![CDATA[java.lang.AssertionError
	at org.junit.Assert.fail(Assert.java:86)
	at org.junit.Assert.assertTrue(Assert.java:41)
	at org.junit.Assert.assertTrue(Assert.java:52)
	at com.sl.test.TestBroadcastChannel.createBCwithFillForm(TestBroadcastChannel.java:31)
... Removed 27 stack frames]]>
    </failure>
  </testcase> <!-- createBCwithFillForm -->
</testsuite> <!-- KaraokeSmokeTest -->
